#
# A fatal error has been detected by the Java Runtime Environment:
#
#  EXCEPTION_ACCESS_VIOLATION (0xc0000005) at pc=0x0000028428621066, pid=8264, tid=0x00000000000023dc
#
# JRE version: OpenJDK Runtime Environment (8.0_382-b05) (build 1.8.0_382-b05)
# Java VM: OpenJDK 64-Bit Server VM (25.382-b05 mixed mode windows-amd64 compressed oops)
# Problematic frame:
# C  [OpenAL64.dll+0x11066]
#
# Failed to write core dump. Minidumps are not enabled by default on client versions of Windows
#
# If you would like to submit a bug report, please visit:
#   https://github.com/adoptium/adoptium-support/issues
# The crash happened outside the Java Virtual Machine in native code.
# See problematic frame for where to report the bug.
#

---------------  T H R E A D  ---------------

Current thread (0x0000028428488000):  JavaThread "main" [_thread_in_native, id=9180, stack(0x000000997bf00000,0x000000997c000000)]

siginfo: ExceptionCode=0xc0000005, reading address 0x0000028448a8d004

Registers:
RAX=0x0000000000020003, RBX=0x0000028449da0090, RCX=0x0000028448a8d008, RDX=0x0000028448a8d004
RSP=0x000000997bffc4a0, RBP=0x00000000000000ff, RSI=0x0000028448a7f31c, RDI=0x0000000000000000
R8 =0x000000000000373a, R9 =0x0000028448a7f31c, R10=0x0000028429e79c62, R11=0x00000000559d8ee0
R12=0x0000000000000001, R13=0x000002844873aa78, R14=0x000000997bffc640, R15=0x0000028428488000
RIP=0x0000028428621066, EFLAGS=0x0000000000010202

Top of Stack: (sp=0x000000997bffc4a0)
0x000000997bffc4a0:   0000000000000000 0000028428488000
0x000000997bffc4b0:   000000997bffc640 000002844873aa78
0x000000997bffc4c0:   000002844873aa78 0000000000000000
0x000000997bffc4d0:   0000028428488000 0000000000000000
0x000000997bffc4e0:   000000997bffc608 000000005586f1eb
0x000000997bffc4f0:   000000997bffc520 0000028429eba6d3
0x000000997bffc500:   0000028428454500 00000284284889e0
0x000000997bffc510:   0000028428488000 000000997bffc640
0x000000997bffc520:   000002844873aa78 0000000000000000
0x000000997bffc530:   0000028448a7f31c 0000000000000248
0x000000997bffc540:   000000997bffc608 000002842862248f
0x000000997bffc550:   0000028449da0090 0000028449da0090
0x000000997bffc560:   000002840000ac44 0000028400020003
0x000000997bffc570:   0000028429e67bd0 0000028429e79c8e
0x000000997bffc580:   000002844873aa78 0000000000000248
0x000000997bffc590:   0000028429e67bd0 0000028429e7999b 

Instructions: (pc=0x0000028428621066)
0x0000028428621046:   41 2b ec 81 3a 03 00 02 00 75 09 8b 01 89 84 24
0x0000028428621056:   c8 00 00 00 49 83 c0 02 48 83 c1 08 4a 8d 14 86
0x0000028428621066:   39 3a 75 af 4c 8d 84 24 c0 00 00 00 48 8d 15 d7
0x0000028428621076:   2b 03 00 33 c9 e8 58 5f 00 00 b8 40 1f 00 00 4c 


Register to memory mapping:

RAX=0x0000000000020003 is an unknown value
RBX=0x0000028449da0090 is an unknown value
RCX=0x0000028448a8d008 is an unknown value
RDX=0x0000028448a8d004 is an unknown value
RSP=0x000000997bffc4a0 is pointing into the stack for thread: 0x0000028428488000
RBP=0x00000000000000ff is an unknown value
RSI=0x0000028448a7f31c is an unknown value
RDI=0x0000000000000000 is an unknown value
R8 =0x000000000000373a is an unknown value
R9 =0x0000028448a7f31c is an unknown value
R10=0x0000028429e79c62 is at code_begin+962 in an Interpreter codelet
method entry point (kind = native)  [0x0000028429e798a0, 0x0000028429e7a340]  2720 bytes
R11=0x00000000559d8ee0 is an unknown value
R12=0x0000000000000001 is an unknown value
R13={method} {0x000002844873aa80} 'nalcCreateContext' '(JJ)J' in 'org/lwjgl/openal/ALC10'
R14=0x000000997bffc640 is pointing into the stack for thread: 0x0000028428488000
R15=0x0000028428488000 is a thread


Stack: [0x000000997bf00000,0x000000997c000000],  sp=0x000000997bffc4a0,  free space=1009k
Native frames: (J=compiled Java code, j=interpreted, Vv=VM code, C=native code)
C  [OpenAL64.dll+0x11066]
C  [OpenAL64.dll+0x1248f]
C  0x0000028429e79c8e

Java frames: (J=compiled Java code, j=interpreted, Vv=VM code)
j  org.lwjgl.openal.ALC10.nalcCreateContext(JJ)J+0
j  org.lwjgl.openal.ALC10.alcCreateContext(Lorg/lwjgl/openal/ALCdevice;Ljava/nio/IntBuffer;)Lorg/lwjgl/openal/ALCcontext;+8
j  org.lwjgl.openal.AL.init(Ljava/lang/String;IIZZ)V+69
j  org.lwjgl.openal.AL.create(Ljava/lang/String;IIZZ)V+246
j  org.lwjgl.openal.AL.create(Ljava/lang/String;IIZ)V+5
j  org.lwjgl.openal.AL.create()V+6
j  com.badlogic.gdx.backends.lwjgl.audio.OpenALAudio.<init>(III)V+114
j  com.badlogic.gdx.backends.lwjgl.LwjglApplication.<init>(Lcom/badlogic/gdx/ApplicationListener;Lcom/badlogic/gdx/backends/lwjgl/LwjglApplicationConfiguration;Lcom/badlogic/gdx/backends/lwjgl/LwjglGraphics;)V+120
j  com.badlogic.gdx.backends.lwjgl.LwjglApplication.<init>(Lcom/badlogic/gdx/ApplicationListener;Lcom/badlogic/gdx/backends/lwjgl/LwjglApplicationConfiguration;)V+11
j  org.uqbar.project.wollok.game.gameboard.WollokGDXApplication.<init>(Lorg/uqbar/project/wollok/game/gameboard/Gameboard;Ljava/lang/Boolean;)V+17
j  org.uqbar.project.wollok.game.helpers.Application.start(Lorg/uqbar/project/wollok/game/gameboard/Gameboard;Ljava/lang/Boolean;)V+5
j  org.uqbar.project.wollok.game.gameboard.Gameboard.start(Ljava/lang/Boolean;)V+13
j  wollok.game.GameObject.doStart(Ljava/lang/Boolean;)V+12
v  ~StubRoutines::call_stub
j  sun.reflect.NativeMethodAccessorImpl.invoke0(Ljava/lang/reflect/Method;Ljava/lang/Object;[Ljava/lang/Object;)Ljava/lang/Object;+0
j  sun.reflect.NativeMethodAccessorImpl.invoke(Ljava/lang/Object;[Ljava/lang/Object;)Ljava/lang/Object;+100
J 2774 C1 sun.reflect.DelegatingMethodAccessorImpl.invoke(Ljava/lang/Object;[Ljava/lang/Object;)Ljava/lang/Object; (10 bytes) @ 0x000002842a74f1cc [0x000002842a74f0c0+0x10c]
J 2773 C1 java.lang.reflect.Method.invoke(Ljava/lang/Object;[Ljava/lang/Object;)Ljava/lang/Object; (62 bytes) @ 0x000002842a74ebf4 [0x000002842a74e800+0x3f4]
j  org.uqbar.project.wollok.ui.utils.XTendUtilExtensions.invokeConvertingArgs(Ljava/lang/reflect/Method;Ljava/lang/Object;[Ljava/lang/Object;)Lorg/uqbar/project/wollok/interpreter/core/WollokObject;+261
j  org.uqbar.project.wollok.interpreter.AbstractWollokCallable._invokeNative(Ljava/lang/Object;Ljava/lang/String;[Lorg/uqbar/project/wollok/interpreter/core/WollokObject;)Lorg/uqbar/project/wollok/interpreter/core/WollokObject;+41
j  org.uqbar.project.wollok.interpreter.AbstractWollokCallable.invokeNative(Ljava/lang/Object;Ljava/lang/String;[Lorg/uqbar/project/wollok/interpreter/core/WollokObject;)Lorg/uqbar/project/wollok/interpreter/core/WollokObject;+26
j  org.uqbar.project.wollok.interpreter.AbstractWollokCallable$1.apply()Lorg/uqbar/project/wollok/interpreter/core/WollokObject;+55
j  org.uqbar.project.wollok.interpreter.AbstractWollokCallable$1.apply()Ljava/lang/Object;+1
j  org.uqbar.project.wollok.interpreter.threads.WThread.performOnStack(Lorg/eclipse/emf/ecore/EObject;Lorg/uqbar/project/wollok/interpreter/context/EvaluationContext;Lorg/eclipse/xtext/xbase/lib/Functions$Function0;)Lorg/uqbar/project/wollok/interpreter/core/WollokObject;+29
j  org.uqbar.project.wollok.interpreter.WollokInterpreter.performOnStack(Lorg/eclipse/emf/ecore/EObject;Lorg/uqbar/project/wollok/interpreter/context/EvaluationContext;Lorg/eclipse/xtext/xbase/lib/Functions$Function0;)Lorg/uqbar/project/wollok/interpreter/core/WollokObject;+7
j  org.uqbar.project.wollok.interpreter.AbstractWollokCallable.call(Lorg/uqbar/project/wollok/wollokDsl/WMethodDeclaration;[Lorg/uqbar/project/wollok/interpreter/core/WollokObject;)Lorg/uqbar/project/wollok/interpreter/core/WollokObject;+38
j  org.uqbar.project.wollok.interpreter.core.WollokObject.call(Ljava/lang/String;[Lorg/uqbar/project/wollok/interpreter/core/WollokObject;)Lorg/uqbar/project/wollok/interpreter/core/WollokObject;+55
j  org.uqbar.project.wollok.interpreter.WollokInterpreterEvaluator._evaluate(Lorg/uqbar/project/wollok/wollokDsl/WFeatureCall;)Lorg/uqbar/project/wollok/interpreter/core/WollokObject;+119
j  org.uqbar.project.wollok.launch.WollokLauncherInterpreterEvaluator.evaluate(Lorg/eclipse/emf/ecore/EObject;)Lorg/uqbar/project/wollok/interpreter/core/WollokObject;+412
j  org.uqbar.project.wollok.interpreter.WollokInterpreterEvaluator.evaluate(Lorg/eclipse/emf/ecore/EObject;)Ljava/lang/Object;+2
j  org.uqbar.project.wollok.interpreter.WollokInterpreter.eval(Lorg/eclipse/emf/ecore/EObject;)Lorg/uqbar/project/wollok/interpreter/core/WollokObject;+63
j  org.uqbar.project.wollok.interpreter.WollokInterpreterEvaluator.eval(Lorg/eclipse/emf/ecore/EObject;)Lorg/uqbar/project/wollok/interpreter/core/WollokObject;+5
j  org.uqbar.project.wollok.interpreter.WollokInterpreterEvaluator$1.apply(Lorg/uqbar/project/wollok/interpreter/core/WollokObject;Lorg/eclipse/emf/ecore/EObject;)Lorg/uqbar/project/wollok/interpreter/core/WollokObject;+5
j  org.uqbar.project.wollok.interpreter.WollokInterpreterEvaluator$1.apply(Ljava/lang/Object;Ljava/lang/Object;)Ljava/lang/Object;+9
j  org.eclipse.xtext.xbase.lib.IteratorExtensions.fold(Ljava/util/Iterator;Ljava/lang/Object;Lorg/eclipse/xtext/xbase/lib/Functions$Function2;)Ljava/lang/Object;+19
j  org.eclipse.xtext.xbase.lib.IterableExtensions.fold(Ljava/lang/Iterable;Ljava/lang/Object;Lorg/eclipse/xtext/xbase/lib/Functions$Function2;)Ljava/lang/Object;+8
j  org.uqbar.project.wollok.interpreter.WollokInterpreterEvaluator.evalAll(Ljava/lang/Iterable;)Lorg/uqbar/project/wollok/interpreter/core/WollokObject;+12
j  org.uqbar.project.wollok.interpreter.WollokInterpreterEvaluator._evaluate(Lorg/uqbar/project/wollok/wollokDsl/WBlockExpression;)Lorg/uqbar/project/wollok/interpreter/core/WollokObject;+34
j  org.uqbar.project.wollok.launch.WollokLauncherInterpreterEvaluator.evaluate(Lorg/eclipse/emf/ecore/EObject;)Lorg/uqbar/project/wollok/interpreter/core/WollokObject;+76
j  org.uqbar.project.wollok.interpreter.WollokInterpreterEvaluator.evaluate(Lorg/eclipse/emf/ecore/EObject;)Ljava/lang/Object;+2
j  org.uqbar.project.wollok.interpreter.WollokInterpreter.eval(Lorg/eclipse/emf/ecore/EObject;)Lorg/uqbar/project/wollok/interpreter/core/WollokObject;+63
j  org.uqbar.project.wollok.interpreter.AbstractWollokCallable.eval(Lorg/eclipse/emf/ecore/EObject;)Lorg/uqbar/project/wollok/interpreter/core/WollokObject;+5
j  org.uqbar.project.wollok.interpreter.AbstractWollokCallable$1.apply()Lorg/uqbar/project/wollok/interpreter/core/WollokObject;+110
j  org.uqbar.project.wollok.interpreter.AbstractWollokCallable$1.apply()Ljava/lang/Object;+1
j  org.uqbar.project.wollok.interpreter.threads.WThread.performOnStack(Lorg/eclipse/emf/ecore/EObject;Lorg/uqbar/project/wollok/interpreter/context/EvaluationContext;Lorg/eclipse/xtext/xbase/lib/Functions$Function0;)Lorg/uqbar/project/wollok/interpreter/core/WollokObject;+29
j  org.uqbar.project.wollok.interpreter.WollokInterpreter.performOnStack(Lorg/eclipse/emf/ecore/EObject;Lorg/uqbar/project/wollok/interpreter/context/EvaluationContext;Lorg/eclipse/xtext/xbase/lib/Functions$Function0;)Lorg/uqbar/project/wollok/interpreter/core/WollokObject;+7
j  org.uqbar.project.wollok.interpreter.AbstractWollokCallable.call(Lorg/uqbar/project/wollok/wollokDsl/WMethodDeclaration;[Lorg/uqbar/project/wollok/interpreter/core/WollokObject;)Lorg/uqbar/project/wollok/interpreter/core/WollokObject;+38
j  org.uqbar.project.wollok.interpreter.core.WollokObject.call(Ljava/lang/String;[Lorg/uqbar/project/wollok/interpreter/core/WollokObject;)Lorg/uqbar/project/wollok/interpreter/core/WollokObject;+55
j  org.uqbar.project.wollok.interpreter.WollokInterpreterEvaluator._evaluate(Lorg/uqbar/project/wollok/wollokDsl/WFeatureCall;)Lorg/uqbar/project/wollok/interpreter/core/WollokObject;+119
j  org.uqbar.project.wollok.launch.WollokLauncherInterpreterEvaluator.evaluate(Lorg/eclipse/emf/ecore/EObject;)Lorg/uqbar/project/wollok/interpreter/core/WollokObject;+412
j  org.uqbar.project.wollok.interpreter.WollokInterpreterEvaluator.evaluate(Lorg/eclipse/emf/ecore/EObject;)Ljava/lang/Object;+2
j  org.uqbar.project.wollok.interpreter.WollokInterpreter.eval(Lorg/eclipse/emf/ecore/EObject;)Lorg/uqbar/project/wollok/interpreter/core/WollokObject;+63
j  org.uqbar.project.wollok.interpreter.WollokInterpreterEvaluator.eval(Lorg/eclipse/emf/ecore/EObject;)Lorg/uqbar/project/wollok/interpreter/core/WollokObject;+5
j  org.uqbar.project.wollok.interpreter.WollokInterpreterEvaluator$1.apply(Lorg/uqbar/project/wollok/interpreter/core/WollokObject;Lorg/eclipse/emf/ecore/EObject;)Lorg/uqbar/project/wollok/interpreter/core/WollokObject;+5
j  org.uqbar.project.wollok.interpreter.WollokInterpreterEvaluator$1.apply(Ljava/lang/Object;Ljava/lang/Object;)Ljava/lang/Object;+9
j  org.eclipse.xtext.xbase.lib.IteratorExtensions.fold(Ljava/util/Iterator;Ljava/lang/Object;Lorg/eclipse/xtext/xbase/lib/Functions$Function2;)Ljava/lang/Object;+19
j  org.eclipse.xtext.xbase.lib.IterableExtensions.fold(Ljava/lang/Iterable;Ljava/lang/Object;Lorg/eclipse/xtext/xbase/lib/Functions$Function2;)Ljava/lang/Object;+8
j  org.uqbar.project.wollok.interpreter.WollokInterpreterEvaluator.evalAll(Ljava/lang/Iterable;)Lorg/uqbar/project/wollok/interpreter/core/WollokObject;+12
j  org.uqbar.project.wollok.interpreter.WollokInterpreterEvaluator._evaluate(Lorg/uqbar/project/wollok/wollokDsl/WBlockExpression;)Lorg/uqbar/project/wollok/interpreter/core/WollokObject;+34
j  org.uqbar.project.wollok.launch.WollokLauncherInterpreterEvaluator.evaluate(Lorg/eclipse/emf/ecore/EObject;)Lorg/uqbar/project/wollok/interpreter/core/WollokObject;+76
j  org.uqbar.project.wollok.interpreter.WollokInterpreterEvaluator.evaluate(Lorg/eclipse/emf/ecore/EObject;)Ljava/lang/Object;+2
j  org.uqbar.project.wollok.interpreter.WollokInterpreter.eval(Lorg/eclipse/emf/ecore/EObject;)Lorg/uqbar/project/wollok/interpreter/core/WollokObject;+63
j  org.uqbar.project.wollok.interpreter.AbstractWollokCallable.eval(Lorg/eclipse/emf/ecore/EObject;)Lorg/uqbar/project/wollok/interpreter/core/WollokObject;+5
j  org.uqbar.project.wollok.interpreter.AbstractWollokCallable$1.apply()Lorg/uqbar/project/wollok/interpreter/core/WollokObject;+110
j  org.uqbar.project.wollok.interpreter.AbstractWollokCallable$1.apply()Ljava/lang/Object;+1
j  org.uqbar.project.wollok.interpreter.threads.WThread.performOnStack(Lorg/eclipse/emf/ecore/EObject;Lorg/uqbar/project/wollok/interpreter/context/EvaluationContext;Lorg/eclipse/xtext/xbase/lib/Functions$Function0;)Lorg/uqbar/project/wollok/interpreter/core/WollokObject;+29
j  org.uqbar.project.wollok.interpreter.WollokInterpreter.performOnStack(Lorg/eclipse/emf/ecore/EObject;Lorg/uqbar/project/wollok/interpreter/context/EvaluationContext;Lorg/eclipse/xtext/xbase/lib/Functions$Function0;)Lorg/uqbar/project/wollok/interpreter/core/WollokObject;+7
j  org.uqbar.project.wollok.interpreter.AbstractWollokCallable.call(Lorg/uqbar/project/wollok/wollokDsl/WMethodDeclaration;[Lorg/uqbar/project/wollok/interpreter/core/WollokObject;)Lorg/uqbar/project/wollok/interpreter/core/WollokObject;+38
j  org.uqbar.project.wollok.interpreter.core.WollokObject.call(Ljava/lang/String;[Lorg/uqbar/project/wollok/interpreter/core/WollokObject;)Lorg/uqbar/project/wollok/interpreter/core/WollokObject;+55
j  org.uqbar.project.wollok.interpreter.WollokInterpreterEvaluator._evaluate(Lorg/uqbar/project/wollok/wollokDsl/WFeatureCall;)Lorg/uqbar/project/wollok/interpreter/core/WollokObject;+119
j  org.uqbar.project.wollok.launch.WollokLauncherInterpreterEvaluator.evaluate(Lorg/eclipse/emf/ecore/EObject;)Lorg/uqbar/project/wollok/interpreter/core/WollokObject;+412
j  org.uqbar.project.wollok.interpreter.WollokInterpreterEvaluator.evaluate(Lorg/eclipse/emf/ecore/EObject;)Ljava/lang/Object;+2
j  org.uqbar.project.wollok.interpreter.WollokInterpreter.eval(Lorg/eclipse/emf/ecore/EObject;)Lorg/uqbar/project/wollok/interpreter/core/WollokObject;+63
j  org.uqbar.project.wollok.interpreter.WollokInterpreterEvaluator.eval(Lorg/eclipse/emf/ecore/EObject;)Lorg/uqbar/project/wollok/interpreter/core/WollokObject;+5
j  org.uqbar.project.wollok.interpreter.WollokInterpreterEvaluator$1.apply(Lorg/uqbar/project/wollok/interpreter/core/WollokObject;Lorg/eclipse/emf/ecore/EObject;)Lorg/uqbar/project/wollok/interpreter/core/WollokObject;+5
j  org.uqbar.project.wollok.interpreter.WollokInterpreterEvaluator$1.apply(Ljava/lang/Object;Ljava/lang/Object;)Ljava/lang/Object;+9
j  org.eclipse.xtext.xbase.lib.IteratorExtensions.fold(Ljava/util/Iterator;Ljava/lang/Object;Lorg/eclipse/xtext/xbase/lib/Functions$Function2;)Ljava/lang/Object;+19
j  org.eclipse.xtext.xbase.lib.IterableExtensions.fold(Ljava/lang/Iterable;Ljava/lang/Object;Lorg/eclipse/xtext/xbase/lib/Functions$Function2;)Ljava/lang/Object;+8
j  org.uqbar.project.wollok.interpreter.WollokInterpreterEvaluator.evalAll(Ljava/lang/Iterable;)Lorg/uqbar/project/wollok/interpreter/core/WollokObject;+12
j  org.uqbar.project.wollok.interpreter.WollokInterpreterEvaluator._evaluate(Lorg/uqbar/project/wollok/wollokDsl/WProgram;)Lorg/uqbar/project/wollok/interpreter/core/WollokObject;+18
j  org.uqbar.project.wollok.launch.WollokLauncherInterpreterEvaluator.evaluate(Lorg/eclipse/emf/ecore/EObject;)Lorg/uqbar/project/wollok/interpreter/core/WollokObject;+444
j  org.uqbar.project.wollok.interpreter.WollokInterpreterEvaluator.evaluate(Lorg/eclipse/emf/ecore/EObject;)Ljava/lang/Object;+2
j  org.uqbar.project.wollok.interpreter.WollokInterpreter.eval(Lorg/eclipse/emf/ecore/EObject;)Lorg/uqbar/project/wollok/interpreter/core/WollokObject;+63
j  org.uqbar.project.wollok.interpreter.WollokInterpreterEvaluator.eval(Lorg/eclipse/emf/ecore/EObject;)Lorg/uqbar/project/wollok/interpreter/core/WollokObject;+5
j  org.uqbar.project.wollok.launch.WollokLauncherInterpreterEvaluator._evaluate(Lorg/uqbar/project/wollok/wollokDsl/WFile;)Lorg/uqbar/project/wollok/interpreter/core/WollokObject;+32
j  org.uqbar.project.wollok.launch.WollokLauncherInterpreterEvaluator.evaluate(Lorg/eclipse/emf/ecore/EObject;)Lorg/uqbar/project/wollok/interpreter/core/WollokObject;+428
j  org.uqbar.project.wollok.interpreter.WollokInterpreterEvaluator.evaluate(Lorg/eclipse/emf/ecore/EObject;)Ljava/lang/Object;+2
j  org.uqbar.project.wollok.interpreter.WollokInterpreter.interpret(Lorg/eclipse/emf/ecore/EObject;Ljava/lang/Boolean;)Lorg/uqbar/project/wollok/interpreter/core/WollokObject;+25
j  org.uqbar.project.wollok.interpreter.WollokInterpreter.interpret(Lorg/eclipse/emf/ecore/EObject;)Lorg/uqbar/project/wollok/interpreter/core/WollokObject;+8
j  org.uqbar.project.wollok.launch.WollokLauncher.doSomething(Lorg/uqbar/project/wollok/wollokDsl/WFile;Lcom/google/inject/Injector;Ljava/io/File;Lorg/uqbar/project/wollok/launch/WollokLauncherParameters;)V+109
j  org.uqbar.project.wollok.launch.WollokChecker.launch(Ljava/lang/String;Lorg/uqbar/project/wollok/launch/WollokLauncherParameters;)V+31
j  org.uqbar.project.wollok.launch.WollokChecker.doMain([Ljava/lang/String;)V+205
j  org.uqbar.project.wollok.launch.WollokLauncher.main([Ljava/lang/String;)V+8
v  ~StubRoutines::call_stub

---------------  P R O C E S S  ---------------

Java Threads: ( => current thread )
  0x0000028445c97800 JavaThread "com.google.inject.internal.util.$Finalizer" daemon [_thread_blocked, id=3564, stack(0x000000997d400000,0x000000997d500000)]
  0x0000028445aee800 JavaThread "EMF Reference Cleaner" daemon [_thread_blocked, id=13096, stack(0x000000997d300000,0x000000997d400000)]
  0x000002844315e800 JavaThread "Service Thread" daemon [_thread_blocked, id=7660, stack(0x000000997d100000,0x000000997d200000)]
  0x0000028443106000 JavaThread "C1 CompilerThread3" daemon [_thread_blocked, id=5884, stack(0x000000997d000000,0x000000997d100000)]
  0x00000284430f9000 JavaThread "C2 CompilerThread2" daemon [_thread_blocked, id=10532, stack(0x000000997cf00000,0x000000997d000000)]
  0x00000284430f3800 JavaThread "C2 CompilerThread1" daemon [_thread_blocked, id=1552, stack(0x000000997ce00000,0x000000997cf00000)]
  0x00000284430f8000 JavaThread "C2 CompilerThread0" daemon [_thread_blocked, id=19164, stack(0x000000997cd00000,0x000000997ce00000)]
  0x00000284430ec800 JavaThread "Attach Listener" daemon [_thread_blocked, id=16896, stack(0x000000997cc00000,0x000000997cd00000)]
  0x00000284430e8800 JavaThread "Signal Dispatcher" daemon [_thread_blocked, id=12776, stack(0x000000997cb00000,0x000000997cc00000)]
  0x00000284430c5000 JavaThread "Finalizer" daemon [_thread_blocked, id=10616, stack(0x000000997ca00000,0x000000997cb00000)]
  0x00000284430bd800 JavaThread "Reference Handler" daemon [_thread_blocked, id=10528, stack(0x000000997c900000,0x000000997ca00000)]
=>0x0000028428488000 JavaThread "main" [_thread_in_native, id=9180, stack(0x000000997bf00000,0x000000997c000000)]

Other Threads:
  0x0000028443090000 VMThread [stack: 0x000000997c800000,0x000000997c900000] [id=11784]
  0x0000028444f85000 WatcherThread [stack: 0x000000997d200000,0x000000997d300000] [id=17676]

VM state:not at safepoint (normal execution)

VM Mutex/Monitor currently owned by a thread: None

heap address: 0x00000006c2000000, size: 4064 MB, Compressed Oops mode: Zero based, Oop shift amount: 3
Narrow klass base: 0x0000000000000000, Narrow klass shift: 3
Compressed class space size: 1073741824 Address: 0x00000007c0000000

Heap:
 PSYoungGen      total 75776K, used 12836K [0x000000076b580000, 0x0000000774980000, 0x00000007c0000000)
  eden space 65024K, 19% used [0x000000076b580000,0x000000076c2090f0,0x000000076f500000)
  from space 10752K, 0% used [0x000000076f500000,0x000000076f500000,0x000000076ff80000)
  to   space 10752K, 0% used [0x0000000773f00000,0x0000000773f00000,0x0000000774980000)
 ParOldGen       total 131072K, used 17422K [0x00000006c2000000, 0x00000006ca000000, 0x000000076b580000)
  object space 131072K, 13% used [0x00000006c2000000,0x00000006c31038e8,0x00000006ca000000)
 Metaspace       used 21882K, capacity 22194K, committed 22400K, reserved 1069056K
  class space    used 2764K, capacity 2861K, committed 2944K, reserved 1048576K

Card table byte_map: [0x0000028439220000,0x0000028439a20000] byte_map_base: 0x0000028435c10000

Marking Bits: (ParMarkBitMap*) 0x0000000055faf810
 Begin Bits: [0x0000028439f70000, 0x000002843def0000)
 End Bits:   [0x000002843def0000, 0x0000028441e70000)

Polling page: 0x0000028428540000

CodeCache: size=245760Kb used=10565Kb max_used=10565Kb free=235195Kb
 bounds [0x0000028429e60000, 0x000002842a8c0000, 0x0000028438e60000]
 total_blobs=3747 nmethods=3293 adapters=365
 compilation: enabled

Compilation events (10 events):
Event: 2.715 Thread 0x0000028443106000 3293       3       java.io.FileInputStream::read (9 bytes)
Event: 2.715 Thread 0x0000028443106000 nmethod 3293 0x000002842a8b72d0 code [0x000002842a8b7440, 0x000002842a8b75d0]
Event: 2.724 Thread 0x0000028443106000 3295       3       java.nio.DirectByteBuffer::put (18 bytes)
Event: 2.724 Thread 0x0000028443106000 nmethod 3295 0x000002842a8b8050 code [0x000002842a8b81c0, 0x000002842a8b8438]
Event: 2.724 Thread 0x0000028443106000 3296       3       java.nio.DirectByteBuffer::ix (10 bytes)
Event: 2.724 Thread 0x0000028443106000 nmethod 3296 0x000002842a8b8550 code [0x000002842a8b86a0, 0x000002842a8b87f8]
Event: 2.724 Thread 0x0000028443106000 3299       1       java.nio.DirectByteBuffer::ix (10 bytes)
Event: 2.724 Thread 0x0000028443106000 nmethod 3299 0x000002842a8b8890 code [0x000002842a8b89e0, 0x000002842a8b8af8]
Event: 2.724 Thread 0x0000028443106000 3298       3       java.nio.DirectByteBuffer::put (18 bytes)
Event: 2.725 Thread 0x0000028443106000 nmethod 3298 0x000002842a8b8b50 code [0x000002842a8b8cc0, 0x000002842a8b8f38]

GC Heap History (8 events):
Event: 0.817 GC heap before
{Heap before GC invocations=1 (full 0):
 PSYoungGen      total 75776K, used 65024K [0x000000076b580000, 0x0000000770a00000, 0x00000007c0000000)
  eden space 65024K, 100% used [0x000000076b580000,0x000000076f500000,0x000000076f500000)
  from space 10752K, 0% used [0x000000076ff80000,0x000000076ff80000,0x0000000770a00000)
  to   space 10752K, 0% used [0x000000076f500000,0x000000076f500000,0x000000076ff80000)
 ParOldGen       total 173568K, used 0K [0x00000006c2000000, 0x00000006cc980000, 0x000000076b580000)
  object space 173568K, 0% used [0x00000006c2000000,0x00000006c2000000,0x00000006cc980000)
 Metaspace       used 10162K, capacity 10320K, committed 10624K, reserved 1058816K
  class space    used 1213K, capacity 1288K, committed 1408K, reserved 1048576K
Event: 0.824 GC heap after
Heap after GC invocations=1 (full 0):
 PSYoungGen      total 75776K, used 10727K [0x000000076b580000, 0x0000000770a00000, 0x00000007c0000000)
  eden space 65024K, 0% used [0x000000076b580000,0x000000076b580000,0x000000076f500000)
  from space 10752K, 99% used [0x000000076f500000,0x000000076ff79d08,0x000000076ff80000)
  to   space 10752K, 0% used [0x000000076ff80000,0x000000076ff80000,0x0000000770a00000)
 ParOldGen       total 173568K, used 3727K [0x00000006c2000000, 0x00000006cc980000, 0x000000076b580000)
  object space 173568K, 2% used [0x00000006c2000000,0x00000006c23a3ed0,0x00000006cc980000)
 Metaspace       used 10162K, capacity 10320K, committed 10624K, reserved 1058816K
  class space    used 1213K, capacity 1288K, committed 1408K, reserved 1048576K
}
Event: 1.570 GC heap before
{Heap before GC invocations=2 (full 0):
 PSYoungGen      total 75776K, used 75751K [0x000000076b580000, 0x0000000770a00000, 0x00000007c0000000)
  eden space 65024K, 100% used [0x000000076b580000,0x000000076f500000,0x000000076f500000)
  from space 10752K, 99% used [0x000000076f500000,0x000000076ff79d08,0x000000076ff80000)
  to   space 10752K, 0% used [0x000000076ff80000,0x000000076ff80000,0x0000000770a00000)
 ParOldGen       total 173568K, used 3727K [0x00000006c2000000, 0x00000006cc980000, 0x000000076b580000)
  object space 173568K, 2% used [0x00000006c2000000,0x00000006c23a3ed0,0x00000006cc980000)
 Metaspace       used 17564K, capacity 17746K, committed 18048K, reserved 1064960K
  class space    used 2248K, capacity 2323K, committed 2432K, reserved 1048576K
Event: 1.584 GC heap after
Heap after GC invocations=2 (full 0):
 PSYoungGen      total 75776K, used 10737K [0x000000076b580000, 0x0000000774980000, 0x00000007c0000000)
  eden space 65024K, 0% used [0x000000076b580000,0x000000076b580000,0x000000076f500000)
  from space 10752K, 99% used [0x000000076ff80000,0x00000007709fc6d8,0x0000000770a00000)
  to   space 10752K, 0% used [0x000000076f500000,0x000000076f500000,0x000000076ff80000)
 ParOldGen       total 173568K, used 11841K [0x00000006c2000000, 0x00000006cc980000, 0x000000076b580000)
  object space 173568K, 6% used [0x00000006c2000000,0x00000006c2b906b8,0x00000006cc980000)
 Metaspace       used 17564K, capacity 17746K, committed 18048K, reserved 1064960K
  class space    used 2248K, capacity 2323K, committed 2432K, reserved 1048576K
}
Event: 2.366 GC heap before
{Heap before GC invocations=3 (full 0):
 PSYoungGen      total 75776K, used 49773K [0x000000076b580000, 0x0000000774980000, 0x00000007c0000000)
  eden space 65024K, 60% used [0x000000076b580000,0x000000076db9eee0,0x000000076f500000)
  from space 10752K, 99% used [0x000000076ff80000,0x00000007709fc6d8,0x0000000770a00000)
  to   space 10752K, 0% used [0x000000076f500000,0x000000076f500000,0x000000076ff80000)
 ParOldGen       total 173568K, used 11841K [0x00000006c2000000, 0x00000006cc980000, 0x000000076b580000)
  object space 173568K, 6% used [0x00000006c2000000,0x00000006c2b906b8,0x00000006cc980000)
 Metaspace       used 20829K, capacity 21100K, committed 21248K, reserved 1067008K
  class space    used 2651K, capacity 2732K, committed 2816K, reserved 1048576K
Event: 2.378 GC heap after
Heap after GC invocations=3 (full 0):
 PSYoungGen      total 75776K, used 10737K [0x000000076b580000, 0x0000000774980000, 0x00000007c0000000)
  eden space 65024K, 0% used [0x000000076b580000,0x000000076b580000,0x000000076f500000)
  from space 10752K, 99% used [0x000000076f500000,0x000000076ff7c6f8,0x000000076ff80000)
  to   space 10752K, 0% used [0x0000000773f00000,0x0000000773f00000,0x0000000774980000)
 ParOldGen       total 173568K, used 17358K [0x00000006c2000000, 0x00000006cc980000, 0x000000076b580000)
  object space 173568K, 10% used [0x00000006c2000000,0x00000006c30f3940,0x00000006cc980000)
 Metaspace       used 20829K, capacity 21100K, committed 21248K, reserved 1067008K
  class space    used 2651K, capacity 2732K, committed 2816K, reserved 1048576K
}
Event: 2.378 GC heap before
{Heap before GC invocations=4 (full 1):
 PSYoungGen      total 75776K, used 10737K [0x000000076b580000, 0x0000000774980000, 0x00000007c0000000)
  eden space 65024K, 0% used [0x000000076b580000,0x000000076b580000,0x000000076f500000)
  from space 10752K, 99% used [0x000000076f500000,0x000000076ff7c6f8,0x000000076ff80000)
  to   space 10752K, 0% used [0x0000000773f00000,0x0000000773f00000,0x0000000774980000)
 ParOldGen       total 173568K, used 17358K [0x00000006c2000000, 0x00000006cc980000, 0x000000076b580000)
  object space 173568K, 10% used [0x00000006c2000000,0x00000006c30f3940,0x00000006cc980000)
 Metaspace       used 20829K, capacity 21100K, committed 21248K, reserved 1067008K
  class space    used 2651K, capacity 2732K, committed 2816K, reserved 1048576K
Event: 2.431 GC heap after
Heap after GC invocations=4 (full 1):
 PSYoungGen      total 75776K, used 0K [0x000000076b580000, 0x0000000774980000, 0x00000007c0000000)
  eden space 65024K, 0% used [0x000000076b580000,0x000000076b580000,0x000000076f500000)
  from space 10752K, 0% used [0x000000076f500000,0x000000076f500000,0x000000076ff80000)
  to   space 10752K, 0% used [0x0000000773f00000,0x0000000773f00000,0x0000000774980000)
 ParOldGen       total 131072K, used 17422K [0x00000006c2000000, 0x00000006ca000000, 0x000000076b580000)
  object space 131072K, 13% used [0x00000006c2000000,0x00000006c31038e8,0x00000006ca000000)
 Metaspace       used 20829K, capacity 21100K, committed 21248K, reserved 1067008K
  class space    used 2651K, capacity 2732K, committed 2816K, reserved 1048576K
}

Deoptimization events (10 events):
Event: 2.027 Thread 0x0000028428488000 Uncommon trap: reason=unstable_if action=reinterpret pc=0x000002842a67d8a8 method=org.eclipse.xtext.nodemodel.impl.InternalNodeModelUtils.computeLineBreaks(Ljava/lang/String;)[I @ 37
Event: 2.027 Thread 0x0000028428488000 Uncommon trap: reason=class_check action=maybe_recompile pc=0x000002842a5bc84c method=org.eclipse.xtext.nodemodel.impl.NodeModelBuilder.addChild(Lorg/eclipse/xtext/nodemodel/ICompositeNode;Lorg/eclipse/xtext/nodemodel/impl/AbstractNode;)V @ 6
Event: 2.074 Thread 0x0000028428488000 Uncommon trap: reason=bimorphic action=maybe_recompile pc=0x000002842a61b770 method=java.util.Arrays.equals([Ljava/lang/Object;[Ljava/lang/Object;)Z @ 62
Event: 2.074 Thread 0x0000028428488000 Uncommon trap: reason=bimorphic action=maybe_recompile pc=0x000002842a61b770 method=java.util.Arrays.equals([Ljava/lang/Object;[Ljava/lang/Object;)Z @ 62
Event: 2.075 Thread 0x0000028428488000 Uncommon trap: reason=bimorphic action=maybe_recompile pc=0x000002842a61b770 method=java.util.Arrays.equals([Ljava/lang/Object;[Ljava/lang/Object;)Z @ 62
Event: 2.075 Thread 0x0000028428488000 Uncommon trap: reason=bimorphic action=maybe_recompile pc=0x000002842a61b770 method=java.util.Arrays.equals([Ljava/lang/Object;[Ljava/lang/Object;)Z @ 62
Event: 2.089 Thread 0x0000028428488000 Uncommon trap: reason=unstable_if action=reinterpret pc=0x000002842a66f5d8 method=sun.nio.cs.UTF_8$Decoder.decodeArrayLoop(Ljava/nio/ByteBuffer;Ljava/nio/CharBuffer;)Ljava/nio/charset/CoderResult; @ 84
Event: 2.193 Thread 0x0000028428488000 Uncommon trap: reason=unstable_if action=reinterpret pc=0x000002842a35134c method=java.util.concurrent.ConcurrentHashMap.putVal(Ljava/lang/Object;Ljava/lang/Object;Z)Ljava/lang/Object; @ 181
Event: 2.571 Thread 0x0000028428488000 Uncommon trap: reason=unstable_if action=reinterpret pc=0x000002842a1b7d90 method=java.io.WinNTFileSystem.normalize(Ljava/lang/String;)Ljava/lang/String; @ 49
Event: 2.588 Thread 0x0000028428488000 Uncommon trap: reason=predicate action=maybe_recompile pc=0x000002842a2aa26c method=java.lang.String.regionMatches(ZILjava/lang/String;II)Z @ 63

Classes redefined (0 events):
No events

Internal exceptions (10 events):
Event: 2.342 Thread 0x0000028428488000 Exception <a 'java/lang/reflect/InvocationTargetException'> (0x000000076d974360) thrown at [J:\jenkins\tmp\workspace\build\src\hotspot\src\share\vm\runtime\reflection.cpp, line 1092]
Event: 2.343 Thread 0x0000028428488000 Exception <a 'java/lang/reflect/InvocationTargetException'> (0x000000076d990b18) thrown at [J:\jenkins\tmp\workspace\build\src\hotspot\src\share\vm\runtime\reflection.cpp, line 1092]
Event: 2.344 Thread 0x0000028428488000 Exception <a 'java/lang/reflect/InvocationTargetException'> (0x000000076d9ad2a0) thrown at [J:\jenkins\tmp\workspace\build\src\hotspot\src\share\vm\runtime\reflection.cpp, line 1092]
Event: 2.346 Thread 0x0000028428488000 Exception <a 'java/lang/reflect/InvocationTargetException'> (0x000000076d9cc210) thrown at [J:\jenkins\tmp\workspace\build\src\hotspot\src\share\vm\runtime\reflection.cpp, line 1092]
Event: 2.731 Thread 0x0000028428488000 Exception <a 'java/security/PrivilegedActionException'> (0x000000076c0ea998) thrown at [J:\jenkins\tmp\workspace\build\src\hotspot\src\share\vm\prims\jvm.cpp, line 1514]
Event: 2.731 Thread 0x0000028428488000 Exception <a 'java/security/PrivilegedActionException'> (0x000000076c0ebec8) thrown at [J:\jenkins\tmp\workspace\build\src\hotspot\src\share\vm\prims\jvm.cpp, line 1514]
Event: 2.731 Thread 0x0000028428488000 Exception <a 'java/security/PrivilegedActionException'> (0x000000076c0ed2f8) thrown at [J:\jenkins\tmp\workspace\build\src\hotspot\src\share\vm\prims\jvm.cpp, line 1514]
Event: 2.731 Thread 0x0000028428488000 Exception <a 'java/security/PrivilegedActionException'> (0x000000076c0ee9b8) thrown at [J:\jenkins\tmp\workspace\build\src\hotspot\src\share\vm\prims\jvm.cpp, line 1514]
Event: 2.731 Thread 0x0000028428488000 Exception <a 'java/security/PrivilegedActionException'> (0x000000076c0efdb0) thrown at [J:\jenkins\tmp\workspace\build\src\hotspot\src\share\vm\prims\jvm.cpp, line 1514]
Event: 2.731 Thread 0x0000028428488000 Exception <a 'java/security/PrivilegedActionException'> (0x000000076c0f1178) thrown at [J:\jenkins\tmp\workspace\build\src\hotspot\src\share\vm\prims\jvm.cpp, line 1514]

Events (10 events):
Event: 2.753 loading class org/lwjgl/openal/ALCdevice
Event: 2.753 loading class org/lwjgl/openal/ALCdevice done
Event: 2.753 loading class org/lwjgl/openal/ALCcontext
Event: 2.753 loading class org/lwjgl/openal/ALCcontext done
Event: 2.754 loading class java/nio/DirectIntBufferU
Event: 2.754 loading class java/nio/DirectIntBufferU done
Event: 2.754 loading class org/lwjgl/openal/Util
Event: 2.754 loading class org/lwjgl/openal/Util done
Event: 2.754 loading class org/lwjgl/openal/OpenALException
Event: 2.754 loading class org/lwjgl/openal/OpenALException done


Dynamic libraries:
0x00007ff6e8770000 - 0x00007ff6e87b6000 	C:\Program Files\Eclipse Adoptium\jdk-8.0.382.5-hotspot\bin\javaw.exe
0x00007ffe316d0000 - 0x00007ffe318c7000 	C:\Windows\SYSTEM32\ntdll.dll
0x00007ffe31250000 - 0x00007ffe3130d000 	C:\Windows\System32\KERNEL32.DLL
0x00007ffe2f280000 - 0x00007ffe2f576000 	C:\Windows\System32\KERNELBASE.dll
0x00007ffe313b0000 - 0x00007ffe3145e000 	C:\Windows\System32\ADVAPI32.dll
0x00007ffe2fba0000 - 0x00007ffe2fc3e000 	C:\Windows\System32\msvcrt.dll
0x00007ffe30e90000 - 0x00007ffe30f2c000 	C:\Windows\System32\sechost.dll
0x00007ffe310c0000 - 0x00007ffe311e6000 	C:\Windows\System32\RPCRT4.dll
0x00007ffe2fc70000 - 0x00007ffe2fe0e000 	C:\Windows\System32\USER32.dll
0x00007ffe2f6d0000 - 0x00007ffe2f6f2000 	C:\Windows\System32\win32u.dll
0x00007ffe2fc40000 - 0x00007ffe2fc6c000 	C:\Windows\System32\GDI32.dll
0x00007ffe2efd0000 - 0x00007ffe2f0ea000 	C:\Windows\System32\gdi32full.dll
0x00007ffe2ef30000 - 0x00007ffe2efcd000 	C:\Windows\System32\msvcp_win.dll
0x00007ffe2ee30000 - 0x00007ffe2ef30000 	C:\Windows\System32\ucrtbase.dll
0x00007ffe196a0000 - 0x00007ffe1993a000 	C:\Windows\WinSxS\amd64_microsoft.windows.common-controls_6595b64144ccf1df_6.0.19041.3570_none_60bb2a3971f3e41a\COMCTL32.dll
0x00007ffe31630000 - 0x00007ffe31660000 	C:\Windows\System32\IMM32.DLL
0x00007ffe28370000 - 0x00007ffe28385000 	C:\Program Files\Eclipse Adoptium\jdk-8.0.382.5-hotspot\jre\bin\vcruntime140.dll
0x00007ffe01530000 - 0x00007ffe015cb000 	C:\Program Files\Eclipse Adoptium\jdk-8.0.382.5-hotspot\jre\bin\msvcp140.dll
0x00000000557d0000 - 0x0000000056028000 	C:\Program Files\Eclipse Adoptium\jdk-8.0.382.5-hotspot\jre\bin\server\jvm.dll
0x00007ffe31020000 - 0x00007ffe31028000 	C:\Windows\System32\PSAPI.DLL
0x00007ffe16a00000 - 0x00007ffe16a27000 	C:\Windows\SYSTEM32\WINMM.dll
0x00007ffe2a070000 - 0x00007ffe2a079000 	C:\Windows\SYSTEM32\WSOCK32.dll
0x00007ffe1ec50000 - 0x00007ffe1ec5a000 	C:\Windows\SYSTEM32\VERSION.dll
0x00007ffe31340000 - 0x00007ffe313ab000 	C:\Windows\System32\WS2_32.dll
0x00007ffe2cc40000 - 0x00007ffe2cc52000 	C:\Windows\SYSTEM32\kernel.appcore.dll
0x00007ffe23fd0000 - 0x00007ffe23fe0000 	C:\Program Files\Eclipse Adoptium\jdk-8.0.382.5-hotspot\jre\bin\verify.dll
0x00007ffe20030000 - 0x00007ffe2005b000 	C:\Program Files\Eclipse Adoptium\jdk-8.0.382.5-hotspot\jre\bin\java.dll
0x00007ffe221b0000 - 0x00007ffe221c8000 	C:\Program Files\Eclipse Adoptium\jdk-8.0.382.5-hotspot\jre\bin\zip.dll
0x00007ffe2ff90000 - 0x00007ffe306d4000 	C:\Windows\System32\SHELL32.dll
0x00007ffe2ce40000 - 0x00007ffe2d5db000 	C:\Windows\SYSTEM32\windows.storage.dll
0x00007ffe2f7e0000 - 0x00007ffe2fb34000 	C:\Windows\System32\combase.dll
0x00007ffe2e7c0000 - 0x00007ffe2e7ed000 	C:\Windows\SYSTEM32\Wldp.dll
0x00007ffe31460000 - 0x00007ffe3150d000 	C:\Windows\System32\SHCORE.dll
0x00007ffe2f700000 - 0x00007ffe2f755000 	C:\Windows\System32\shlwapi.dll
0x00007ffe2ecb0000 - 0x00007ffe2ecd5000 	C:\Windows\SYSTEM32\profapi.dll
0x0000000065580000 - 0x0000000065616000 	C:\Users\Nacho\AppData\Local\Temp\libgdxNacho\12dfaa03\gdx64.dll
0x00007ffe2e6a0000 - 0x00007ffe2e6b8000 	C:\Windows\SYSTEM32\CRYPTSP.dll
0x00007ffe2dd60000 - 0x00007ffe2dd94000 	C:\Windows\system32\rsaenh.dll
0x00007ffe2f0f0000 - 0x00007ffe2f117000 	C:\Windows\System32\bcrypt.dll
0x00007ffe2ec70000 - 0x00007ffe2ec9e000 	C:\Windows\SYSTEM32\USERENV.dll
0x00007ffe2f5f0000 - 0x00007ffe2f672000 	C:\Windows\System32\bcryptprimitives.dll
0x00007ffe2e6c0000 - 0x00007ffe2e6cc000 	C:\Windows\SYSTEM32\CRYPTBASE.dll
0x00007ffe20b70000 - 0x00007ffe20b8c000 	C:\Program Files\Eclipse Adoptium\jdk-8.0.382.5-hotspot\jre\bin\net.dll
0x00007ffe2e450000 - 0x00007ffe2e4ba000 	C:\Windows\system32\mswsock.dll
0x00007ffe2e140000 - 0x00007ffe2e17b000 	C:\Windows\SYSTEM32\IPHLPAPI.DLL
0x00007ffe31310000 - 0x00007ffe31318000 	C:\Windows\System32\NSI.dll
0x00007ffe28260000 - 0x00007ffe28277000 	C:\Windows\SYSTEM32\dhcpcsvc6.DLL
0x00007ffe28820000 - 0x00007ffe2883d000 	C:\Windows\SYSTEM32\dhcpcsvc.DLL
0x00007ffe2e180000 - 0x00007ffe2e24a000 	C:\Windows\SYSTEM32\DNSAPI.dll
0x00007ffe1c440000 - 0x00007ffe1c453000 	C:\Program Files\Eclipse Adoptium\jdk-8.0.382.5-hotspot\jre\bin\nio.dll
0x0000000180000000 - 0x0000000180053000 	C:\Users\Nacho\AppData\Local\Temp\libgdxNacho\dc0f0009\lwjgl64.dll
0x00007ffdd9320000 - 0x00007ffdd9445000 	C:\Windows\SYSTEM32\OPENGL32.dll
0x00007ffe0c4d0000 - 0x00007ffe0c4fc000 	C:\Windows\SYSTEM32\GLU32.dll
0x0000028428610000 - 0x0000028428674000 	C:\Users\Nacho\AppData\Local\Temp\libgdxNacho\dc0f0009\OpenAL64.dll
0x00007ffe306e0000 - 0x00007ffe3080b000 	C:\Windows\System32\ole32.dll
0x00007ffe2c770000 - 0x00007ffe2c80e000 	C:\Windows\system32\uxtheme.dll
0x00007ffe2fee0000 - 0x00007ffe2ff89000 	C:\Windows\System32\clbcatq.dll
0x00007ffded7c0000 - 0x00007ffded85c000 	C:\Windows\SYSTEM32\dsound.dll
0x00007ffe2e770000 - 0x00007ffe2e7bb000 	C:\Windows\SYSTEM32\powrprof.dll
0x00007ffe13c30000 - 0x00007ffe13c56000 	C:\Windows\SYSTEM32\winmmbase.dll
0x00007ffe2e750000 - 0x00007ffe2e762000 	C:\Windows\SYSTEM32\UMPDC.dll
0x00007ffe269e0000 - 0x00007ffe26a65000 	C:\Windows\System32\MMDevApi.dll
0x00007ffe2eb10000 - 0x00007ffe2eb43000 	C:\Windows\System32\DEVOBJ.dll
0x00007ffe2f680000 - 0x00007ffe2f6ce000 	C:\Windows\System32\cfgmgr32.dll
0x00007ffe26b20000 - 0x00007ffe26ca2000 	C:\Windows\SYSTEM32\AUDIOSES.DLL
0x00007ffe2fe10000 - 0x00007ffe2fedd000 	C:\Windows\System32\OLEAUT32.dll
0x00007ffe1c4d0000 - 0x00007ffe1c6b4000 	C:\Windows\SYSTEM32\dbghelp.dll

VM Arguments:
jvm_args: -Duser.language=es_AR -Dfile.encoding=UTF-8 
java_command: org.uqbar.project.wollok.launch.WollokLauncher -requestsPort 0 -eventsPort 0 -folder -dontValidate -coercingStrategy decimals -wf src/juego.wpgm -darkMode
java_class_path (initial): C:\Users\Nacho\Desktop\PDEP\2023-o-tpi-game-pentacoders\bin;C:\wollok-win32.win32.x86_64\plugins\com.ibm.icu_64.2.0.v20190507-1337.jar;C:\wollok-win32.win32.x86_64\plugins\org.eclipse.xtext_2.20.0.v20191202-0915.jar;C:\wollok-win32.win32.x86_64\plugins\org.eclipse.emf.ecore.xmi_2.16.0.v20190528-0725.jar;C:\wollok-win32.win32.x86_64\plugins\org.eclipse.emf.ecore_2.20.0.v20190920-0401.jar;C:\wollok-win32.win32.x86_64\plugins\org.eclipse.emf.common_2.17.0.v20190920-0401.jar;C:\wollok-win32.win32.x86_64\plugins\org.antlr.runtime_3.2.0.v201101311130.jar;C:\wollok-win32.win32.x86_64\plugins\com.google.inject_3.0.0.v201605172100.jar;C:\wollok-win32.win32.x86_64\plugins\org.eclipse.emf.mwe.core_1.5.1.v20191121-1148.jar;C:\wollok-win32.win32.x86_64\plugins\org.apache.commons.cli_1.2.0.v201404270220.jar;C:\wollok-win32.win32.x86_64\plugins\org.eclipse.emf.mwe2.runtime_2.11.1.v20191121-1148.jar;C:\wollok-win32.win32.x86_64\plugins\org.eclipse.emf.mwe.utils_1.5.1.v20191121-1148.jar;C:\wollok-win32.win32.x86_64\plugins\org.eclipse.xtext.util_2.20.0.v20191202-0915.jar;C:\wollok-win32.win32.x86_64\plugins\com.google.guava_27.1.0.v20190517-1946.jar;C:\wollok-win32.win32.x86_64\plugins\javax.inject_1.0.0.v20091030.jar;C:\wollok-win32.win32.x86_64\plugins\org.eclipse.xtext.generator_2.20.0.v20191202-0933.jar;C:\wollok-win32.win32.x86_64\plugins\org.eclipse.xtext.xtext.generator_2.20.0.v20191202-0915.jar;C:\wollok-win32.win32.x86_64\plugins\org.eclipse.xtext.xbase.lib_2.20.0.v20191202-0907.jar;C:\wollok-win32.win32.x86_64\plugins\org.eclipse.emf.codegen.ecore_2.20.0.v20191012-0918.jar;C:\wollok-win32.win32.x86_64\plugins\org.eclipse.emf.codegen_2.19.0.v20190821-1536.jar;C:\wollok-win32.win32.x86_64\plugins\org.eclipse.xtend_2.2.0.v201605260315.jar;C:\wollok-win32.win32.x86_64\plugins\org.eclipse.xpand_2.2.0.v201605260315.jar;C:\wollok-win32.win32.x86_64\plugins\org.eclipse.xtend.typesystem.emf_2.2.0.v201605260315.jar;C:\wollok-win32.win32.x86_64\plugins\or
Launcher Type: SUN_STANDARD

Environment Variables:
PATH=C:/Program Files/Eclipse Adoptium/jdk-8.0.382.5-hotspot/bin/../jre/bin/server;C:/Program Files/Eclipse Adoptium/jdk-8.0.382.5-hotspot/bin/../jre/bin;C:/Program Files/Eclipse Adoptium/jdk-8.0.382.5-hotspot/bin/../jre/lib/amd64;C:\Program Files\Eclipse Adoptium\jdk-8.0.382.5-hotspot\bin;C:\Program Files (x86)\NVIDIA Corporation\PhysX\Common;C:\Program Files (x86)\Common Files\Oracle\Java\javapath;C:\ProgramData\Oracle\Java\javapath;C:\Windows\system32;C:\Windows;C:\Windows\System32\Wbem;C:\Windows\System32\WindowsPowerShell\v1.0\;C:\Windows\System32\OpenSSH\;C:\Program Files\dotnet\;C:\Program Files\Git\cmd;C:\Program Files\swipl\bin;C:\Users\Nacho\AppData\Local\Microsoft\WindowsApps;C:\Users\Nacho\.dotnet\tools;C:\Users\Nacho\AppData\Local\GitHubDesktop\bin;C:\msys64\mingw64\bin;C:\Users\Nacho\AppData\Local\Programs\Microsoft VS Code\bin;C:\ghcup\bin;C:\Program Files\Git\bin;;C:\wollok-win32.win32.x86_64;
USERNAME=Nacho
OS=Windows_NT
PROCESSOR_IDENTIFIER=Intel64 Family 6 Model 60 Stepping 3, GenuineIntel



---------------  S Y S T E M  ---------------

OS: Windows 10 , 64 bit Build 19041 (10.0.19041.3570)

CPU:total 8 (initial active 8) (4 cores per cpu, 2 threads per core) family 6 model 60 stepping 3, cmov, cx8, fxsr, mmx, sse, sse2, sse3, ssse3, sse4.1, sse4.2, popcnt, avx, avx2, aes, clmul, erms, lzcnt, ht, tsc, tscinvbit, bmi1, bmi2

Memory: 4k page, physical 16643884k(7013052k free), swap 19134252k(3657956k free)

vm_info: OpenJDK 64-Bit Server VM (25.382-b05) for windows-amd64 JRE (1.8.0_382-b05), built on Jul 19 2023 15:37:29 by "jenkins" with MS VC++ 15.9 (VS2017)

time: Wed Nov  1 21:10:43 2023
timezone: Hora estándar de Argentina
elapsed time: 2.781758 seconds (0d 0h 0m 2s)

